[2024-12-01 17:59:52,261: INFO: common: yaml file: config\config.yaml loaded successfully]
[2024-12-01 17:59:52,264: INFO: common: yaml file: params.yaml loaded successfully]
[2024-12-01 17:59:52,264: INFO: common: created directory at: artifacts]
[2024-12-01 17:59:52,274: INFO: common: created directory at: artifacts/data_ingestion]
[2024-12-01 17:59:57,520: INFO: 3128884609: artifacts/data_ingestion/data.zip download! with following info: 
Connection: close
Content-Length: 7903594
Cache-Control: max-age=300
Content-Security-Policy: default-src 'none'; style-src 'unsafe-inline'; sandbox
Content-Type: application/zip
ETag: "dbc016a060da18070593b83afff580c9b300f0b6ea4147a7988433e04df246ca"
Strict-Transport-Security: max-age=31536000
X-Content-Type-Options: nosniff
X-Frame-Options: deny
X-XSS-Protection: 1; mode=block
X-GitHub-Request-Id: 50DA:17E322:F8202:14AAD1:674C56C0
Accept-Ranges: bytes
Date: Sun, 01 Dec 2024 12:29:53 GMT
Via: 1.1 varnish
X-Served-By: cache-del21750-DEL
X-Cache: MISS
X-Cache-Hits: 0
X-Timer: S1733056193.689555,VS0,VE647
Vary: Authorization,Accept-Encoding,Origin
Access-Control-Allow-Origin: *
Cross-Origin-Resource-Policy: cross-origin
X-Fastly-Request-ID: 1a074edefa1c845dcae6e34c458a97513a8b9fac
Expires: Sun, 01 Dec 2024 12:34:53 GMT
Source-Age: 0

]
